<?xml version="1.0" encoding="UTF-8"?>
<!-- Generated by org.testng.reporters.JUnitReportReporter -->
<testsuite hostname="DRACULA" failures="0" tests="1" name="testcase.Testcase_SuperTournament" time="33.848" errors="0" timestamp="2021-12-14T16:53:39 IST" skipped="0">
  <testcase classname="testcase.Testcase_SuperTournament" name="BracketPredictions" time="33.848"/>
  <system-out/>
</testsuite> <!-- testcase.Testcase_SuperTournament -->
